# JRE version: Java(TM) SE Runtime Environment (17.0.9+11) (build 17.0.9+11-LTS-201)
# Java VM: Java HotSpot(TM) 64-Bit Server VM (17.0.9+11-LTS-201, mixed mode, sharing, tiered, compressed oops, compressed class ptrs, g1 gc, windows-amd64)
GC Precious Log:
 CPUs: 8 total, 8 available
 Memory: 8056M
 Large Page Support: Disabled
 NUMA Support: Disabled
 Compressed Oops: Enabled (32-bit)
 Heap Region Size: 1M
 Heap Min Capacity: 8M
 Heap Initial Capacity: 126M
 Heap Max Capacity: 2016M
 Pre-touch: Disabled
 Parallel Workers: 8
 Concurrent Workers: 2
 Concurrent Refinement Workers: 8
 Periodic GC: Disabled
Heap:
 garbage-first heap   total 80896K, used 29772K [0x0000000082000000, 0x0000000100000000)
  region size 1024K, 10 young (10240K), 4 survivors (4096K)
 Metaspace       used 55654K, committed 56128K, reserved 1114112K
  class space    used 7534K, committed 7808K, reserved 1048576K
GC Heap History (20 events):
Event: 6.916 GC heap before
{Heap before GC invocations=4 (full 0):
 garbage-first heap   total 55296K, used 39865K [0x0000000082000000, 0x0000000100000000)
  region size 1024K, 32 young (32768K), 7 survivors (7168K)
 Metaspace       used 23965K, committed 24192K, reserved 1114112K
  class space    used 3062K, committed 3136K, reserved 1048576K
}
Event: 6.938 GC heap after
{Heap after GC invocations=5 (full 0):
 garbage-first heap   total 55296K, used 15916K [0x0000000082000000, 0x0000000100000000)
  region size 1024K, 3 young (3072K), 3 survivors (3072K)
 Metaspace       used 23965K, committed 24192K, reserved 1114112K
  class space    used 3062K, committed 3136K, reserved 1048576K
}
Event: 7.023 GC heap before
{Heap before GC invocations=5 (full 0):
 garbage-first heap   total 55296K, used 16940K [0x0000000082000000, 0x0000000100000000)
  region size 1024K, 4 young (4096K), 3 survivors (3072K)
 Metaspace       used 24145K, committed 24384K, reserved 1114112K
  class space    used 3088K, committed 3200K, reserved 1048576K
}
Event: 7.034 GC heap after
{Heap after GC invocations=6 (full 0):
 garbage-first heap   total 55296K, used 15884K [0x0000000082000000, 0x0000000100000000)
  region size 1024K, 1 young (1024K), 1 survivors (1024K)
 Metaspace       used 24145K, committed 24384K, reserved 1114112K
  class space    used 3088K, committed 3200K, reserved 1048576K
}
Event: 8.967 GC heap before
{Heap before GC invocations=6 (full 0):
 garbage-first heap   total 55296K, used 38412K [0x0000000082000000, 0x0000000100000000)
  region size 1024K, 23 young (23552K), 1 survivors (1024K)
 Metaspace       used 27644K, committed 27968K, reserved 1114112K
  class space    used 3580K, committed 3712K, reserved 1048576K
}
Event: 8.986 GC heap after
{Heap after GC invocations=7 (full 0):
 garbage-first heap   total 55296K, used 17384K [0x0000000082000000, 0x0000000100000000)
  region size 1024K, 2 young (2048K), 2 survivors (2048K)
 Metaspace       used 27644K, committed 27968K, reserved 1114112K
  class space    used 3580K, committed 3712K, reserved 1048576K
}
Event: 10.669 GC heap before
{Heap before GC invocations=7 (full 0):
 garbage-first heap   total 55296K, used 39912K [0x0000000082000000, 0x0000000100000000)
  region size 1024K, 24 young (24576K), 2 survivors (2048K)
 Metaspace       used 31701K, committed 32128K, reserved 1114112K
  class space    used 4101K, committed 4288K, reserved 1048576K
}
Event: 10.690 GC heap after
{Heap after GC invocations=8 (full 0):
 garbage-first heap   total 55296K, used 19308K [0x0000000082000000, 0x0000000100000000)
  region size 1024K, 2 young (2048K), 2 survivors (2048K)
 Metaspace       used 31701K, committed 32128K, reserved 1114112K
  class space    used 4101K, committed 4288K, reserved 1048576K
}
Event: 12.301 GC heap before
{Heap before GC invocations=8 (full 0):
 garbage-first heap   total 55296K, used 39788K [0x0000000082000000, 0x0000000100000000)
  region size 1024K, 23 young (23552K), 2 survivors (2048K)
 Metaspace       used 34734K, committed 35200K, reserved 1114112K
  class space    used 4504K, committed 4736K, reserved 1048576K
}
Event: 12.310 GC heap after
{Heap after GC invocations=9 (full 0):
 garbage-first heap   total 55296K, used 20455K [0x0000000082000000, 0x0000000100000000)
  region size 1024K, 2 young (2048K), 2 survivors (2048K)
 Metaspace       used 34734K, committed 35200K, reserved 1114112K
  class space    used 4504K, committed 4736K, reserved 1048576K
}
Event: 12.569 GC heap before
{Heap before GC invocations=9 (full 0):
 garbage-first heap   total 55296K, used 23527K [0x0000000082000000, 0x0000000100000000)
  region size 1024K, 6 young (6144K), 2 survivors (2048K)
 Metaspace       used 35527K, committed 35968K, reserved 1114112K
  class space    used 4626K, committed 4864K, reserved 1048576K
}
Event: 12.576 GC heap after
{Heap after GC invocations=10 (full 0):
 garbage-first heap   total 55296K, used 20478K [0x0000000082000000, 0x0000000100000000)
  region size 1024K, 2 young (2048K), 2 survivors (2048K)
 Metaspace       used 35527K, committed 35968K, reserved 1114112K
  class space    used 4626K, committed 4864K, reserved 1048576K
}
Event: 14.073 GC heap before
{Heap before GC invocations=11 (full 0):
 garbage-first heap   total 55296K, used 40958K [0x0000000082000000, 0x0000000100000000)
  region size 1024K, 23 young (23552K), 2 survivors (2048K)
 Metaspace       used 40389K, committed 40896K, reserved 1114112K
  class space    used 5328K, committed 5568K, reserved 1048576K
}
Event: 14.078 GC heap after
{Heap after GC invocations=12 (full 0):
 garbage-first heap   total 55296K, used 21769K [0x0000000082000000, 0x0000000100000000)
  region size 1024K, 3 young (3072K), 3 survivors (3072K)
 Metaspace       used 40389K, committed 40896K, reserved 1114112K
  class space    used 5328K, committed 5568K, reserved 1048576K
}
Event: 14.194 GC heap before
{Heap before GC invocations=12 (full 0):
 garbage-first heap   total 55296K, used 22793K [0x0000000082000000, 0x0000000100000000)
  region size 1024K, 4 young (4096K), 3 survivors (3072K)
 Metaspace       used 40829K, committed 41216K, reserved 1114112K
  class space    used 5383K, committed 5568K, reserved 1048576K
}
Event: 14.199 GC heap after
{Heap after GC invocations=13 (full 0):
 garbage-first heap   total 55296K, used 21674K [0x0000000082000000, 0x0000000100000000)
  region size 1024K, 1 young (1024K), 1 survivors (1024K)
 Metaspace       used 40829K, committed 41216K, reserved 1114112K
  class space    used 5383K, committed 5568K, reserved 1048576K
}
Event: 15.539 GC heap before
{Heap before GC invocations=13 (full 0):
 garbage-first heap   total 55296K, used 42154K [0x0000000082000000, 0x0000000100000000)
  region size 1024K, 21 young (21504K), 1 survivors (1024K)
 Metaspace       used 45496K, committed 45888K, reserved 1114112K
  class space    used 6018K, committed 6208K, reserved 1048576K
}
Event: 15.543 GC heap after
{Heap after GC invocations=14 (full 0):
 garbage-first heap   total 80896K, used 23126K [0x0000000082000000, 0x0000000100000000)
  region size 1024K, 2 young (2048K), 2 survivors (2048K)
 Metaspace       used 45496K, committed 45888K, reserved 1114112K
  class space    used 6018K, committed 6208K, reserved 1048576K
}
Event: 18.582 GC heap before
{Heap before GC invocations=14 (full 0):
 garbage-first heap   total 80896K, used 64086K [0x0000000082000000, 0x0000000100000000)
  region size 1024K, 42 young (43008K), 2 survivors (2048K)
 Metaspace       used 54866K, committed 55360K, reserved 1114112K
  class space    used 7433K, committed 7680K, reserved 1048576K
}
Event: 18.589 GC heap after
{Heap after GC invocations=15 (full 0):
 garbage-first heap   total 80896K, used 24652K [0x0000000082000000, 0x0000000100000000)
  region size 1024K, 4 young (4096K), 4 survivors (4096K)
 Metaspace       used 54866K, committed 55360K, reserved 1114112K
  class space    used 7433K, committed 7680K, reserved 1048576K
}

